<?xml version="1.0" encoding="UTF-8"?>
<!-- Generated by org.testng.reporters.JUnitXMLReporter -->
<testsuite hostname="DESKTOP-FQ1JJKR" ignored="0" name="Default test" tests="8" failures="0" timestamp="2021-11-28T19:27:29 CET" time="7.608" errors="0">
  <testcase name="test_invalid_schema_values" time="2.798" classname="TravianGames.TravianGamesTask.TestInvalidTodoSchemaItems"/>
  <testcase name="test_invalid_schema_values" time="0.504" classname="TravianGames.TravianGamesTask.TestInvalidTodoSchemaItems"/>
  <testcase name="test_invalid_schema_values" time="0.572" classname="TravianGames.TravianGamesTask.TestInvalidTodoSchemaItems"/>
  <testcase name="test_invalid_schema_values" time="0.587" classname="TravianGames.TravianGamesTask.TestInvalidTodoSchemaItems"/>
  <testcase name="test_invalid_schema_values" time="0.516" classname="TravianGames.TravianGamesTask.TestInvalidTodoSchemaItems"/>
  <testcase name="test_invalid_schema_values" time="0.576" classname="TravianGames.TravianGamesTask.TestInvalidTodoSchemaItems"/>
  <testcase name="test_invalid_schema_values" time="0.866" classname="TravianGames.TravianGamesTask.TestInvalidTodoSchemaItems"/>
  <testcase name="test_invalid_schema_values" time="0.488" classname="TravianGames.TravianGamesTask.TestInvalidTodoSchemaItems"/>
</testsuite> <!-- Default test -->
