<?xml version="1.0" encoding="UTF-8"?>
<!-- Generated by org.testng.reporters.JUnitXMLReporter -->
<testsuite hostname="DESKTOP-FQ1JJKR" ignored="0" name="Test" tests="26" failures="0" timestamp="2021-11-28T19:29:35 CET" time="29.407" errors="0">
  <testcase name="test_post_a_new_todo" time="3.507" classname="TravianGames.TravianGamesTask.TestTodoRequests"/>
  <testcase name="test_post_a_new_todo" time="0.208" classname="TravianGames.TravianGamesTask.TestTodoRequests"/>
  <testcase name="test_post_a_new_todo" time="0.201" classname="TravianGames.TravianGamesTask.TestTodoRequests"/>
  <testcase name="test_post_a_new_todo" time="0.205" classname="TravianGames.TravianGamesTask.TestTodoRequests"/>
  <testcase name="test_post_a_new_todo" time="0.199" classname="TravianGames.TravianGamesTask.TestTodoRequests"/>
  <testcase name="test_post_a_new_todo" time="0.191" classname="TravianGames.TravianGamesTask.TestTodoRequests"/>
  <testcase name="test_delete_non_existing_todo_endpoint" time="0.217" classname="TravianGames.TravianGamesTask.TestTodoRequests"/>
  <testcase name="test_delete_non_existing_todo_endpoint" time="0.177" classname="TravianGames.TravianGamesTask.TestTodoRequests"/>
  <testcase name="test_get_request" time="0.204" classname="TravianGames.TravianGamesTask.TestTodoRequests"/>
  <testcase name="test_get_request_with_invalid_path_parameter" time="0.14" classname="TravianGames.TravianGamesTask.TestTodoRequests"/>
  <testcase name="test_get_request_with_non_existent_key_in_query_parameters" time="0.206" classname="TravianGames.TravianGamesTask.TestTodoRequests"/>
  <testcase name="test_get_request_with_path_parameter" time="0.157" classname="TravianGames.TravianGamesTask.TestTodoRequests"/>
  <testcase name="test_get_request_with_query_parameters" time="0.253" classname="TravianGames.TravianGamesTask.TestTodoRequests"/>
  <testcase name="test_get_request_with_query_parameters" time="0.174" classname="TravianGames.TravianGamesTask.TestTodoRequests"/>
  <testcase name="test_put_request_for_invalid_id" time="0.213" classname="TravianGames.TravianGamesTask.TestTodoRequests"/>
  <testcase name="test_put_request_to_update" time="0.239" classname="TravianGames.TravianGamesTask.TestTodoRequests"/>
  <testcase name="test_put_request_to_update" time="0.251" classname="TravianGames.TravianGamesTask.TestTodoRequests"/>
  <testcase name="test_put_request_to_update" time="0.236" classname="TravianGames.TravianGamesTask.TestTodoRequests"/>
  <testcase name="test_invalid_schema_values" time="3.55" classname="TravianGames.TravianGamesTask.TestInvalidTodoSchemaItems"/>
  <testcase name="test_invalid_schema_values" time="3.559" classname="TravianGames.TravianGamesTask.TestInvalidTodoSchemaItems"/>
  <testcase name="test_invalid_schema_values" time="4.864" classname="TravianGames.TravianGamesTask.TestInvalidTodoSchemaItems"/>
  <testcase name="test_invalid_schema_values" time="3.569" classname="TravianGames.TravianGamesTask.TestInvalidTodoSchemaItems"/>
  <testcase name="test_invalid_schema_values" time="0.548" classname="TravianGames.TravianGamesTask.TestInvalidTodoSchemaItems"/>
  <testcase name="test_invalid_schema_values" time="0.509" classname="TravianGames.TravianGamesTask.TestInvalidTodoSchemaItems"/>
  <testcase name="test_invalid_schema_values" time="3.446" classname="TravianGames.TravianGamesTask.TestInvalidTodoSchemaItems"/>
  <testcase name="test_invalid_schema_values" time="0.532" classname="TravianGames.TravianGamesTask.TestInvalidTodoSchemaItems"/>
</testsuite> <!-- Test -->
