<?xml version="1.0" encoding="UTF-8"?>
<testng-results skipped="0" failed="0" ignored="0" total="26" passed="26">
  <reporter-output>
  </reporter-output>
  <suite name="Suite" duration-ms="29407" started-at="2021-11-28T19:29:06 CET" finished-at="2021-11-28T19:29:35 CET">
    <groups>
      <group name="negative">
        <method signature="TestTodoRequests.test_get_request_with_invalid_path_parameter()[pri:0, instance:TravianGames.TravianGamesTask.TestTodoRequests@1500955a]" name="test_get_request_with_invalid_path_parameter" class="TravianGames.TravianGamesTask.TestTodoRequests"/>
        <method signature="TestTodoRequests.test_get_request_with_non_existent_key_in_query_parameters()[pri:0, instance:TravianGames.TravianGamesTask.TestTodoRequests@1500955a]" name="test_get_request_with_non_existent_key_in_query_parameters" class="TravianGames.TravianGamesTask.TestTodoRequests"/>
        <method signature="TestTodoRequests.test_put_request_for_invalid_id()[pri:0, instance:TravianGames.TravianGamesTask.TestTodoRequests@1500955a]" name="test_put_request_for_invalid_id" class="TravianGames.TravianGamesTask.TestTodoRequests"/>
      </group> <!-- negative -->
      <group name="positive">
        <method signature="TestTodoRequests.test_get_request_with_path_parameter()[pri:0, instance:TravianGames.TravianGamesTask.TestTodoRequests@1500955a]" name="test_get_request_with_path_parameter" class="TravianGames.TravianGamesTask.TestTodoRequests"/>
        <method signature="TestTodoRequests.test_put_request_to_update(int,java.lang.String,boolean,java.lang.String)[pri:0, instance:TravianGames.TravianGamesTask.TestTodoRequests@1500955a]" name="test_put_request_to_update" class="TravianGames.TravianGamesTask.TestTodoRequests"/>
      </group> <!-- positive -->
    </groups>
    <test name="Test" duration-ms="29407" started-at="2021-11-28T19:29:06 CET" finished-at="2021-11-28T19:29:35 CET">
      <class name="TravianGames.TravianGamesTask.TestInvalidTodoSchemaItems">
        <test-method status="PASS" signature="beforeClass()[pri:0, instance:TravianGames.TravianGamesTask.TestInvalidTodoSchemaItems@4923ab24]" name="beforeClass" is-config="true" duration-ms="5" started-at="2021-11-28T19:29:14 CET" finished-at="2021-11-28T19:29:14 CET">
          <reporter-output>
          </reporter-output>
        </test-method> <!-- beforeClass -->
        <test-method status="PASS" signature="test_invalid_schema_values(java.lang.String,java.lang.String)[pri:0, instance:TravianGames.TravianGamesTask.TestInvalidTodoSchemaItems@4923ab24]" name="test_invalid_schema_values" duration-ms="3550" started-at="2021-11-28T19:29:14 CET" data-provider="invalid_schema_values" finished-at="2021-11-28T19:29:18 CET">
          <params>
            <param index="0">
              <value>
                <![CDATA[{"name":"shubha", "position": "QA"}]]>
              </value>
            </param>
            <param index="1">
              <value>
                <![CDATA[{"text": "abc"}]]>
              </value>
            </param>
          </params>
          <reporter-output>
          </reporter-output>
        </test-method> <!-- test_invalid_schema_values -->
        <test-method status="PASS" signature="test_invalid_schema_values(java.lang.String,java.lang.String)[pri:0, instance:TravianGames.TravianGamesTask.TestInvalidTodoSchemaItems@4923ab24]" name="test_invalid_schema_values" duration-ms="3559" started-at="2021-11-28T19:29:18 CET" data-provider="invalid_schema_values" finished-at="2021-11-28T19:29:21 CET">
          <params>
            <param index="0">
              <value>
                <![CDATA[{"text": "abc"}]]>
              </value>
            </param>
            <param index="1">
              <value>
                <![CDATA[{"text": false}]]>
              </value>
            </param>
          </params>
          <reporter-output>
          </reporter-output>
        </test-method> <!-- test_invalid_schema_values -->
        <test-method status="PASS" signature="test_invalid_schema_values(java.lang.String,java.lang.String)[pri:0, instance:TravianGames.TravianGamesTask.TestInvalidTodoSchemaItems@4923ab24]" name="test_invalid_schema_values" duration-ms="4864" started-at="2021-11-28T19:29:21 CET" data-provider="invalid_schema_values" finished-at="2021-11-28T19:29:26 CET">
          <params>
            <param index="0">
              <value>
                <![CDATA[{"text": false}]]>
              </value>
            </param>
            <param index="1">
              <value>
                <![CDATA[{"text": 1}]]>
              </value>
            </param>
          </params>
          <reporter-output>
          </reporter-output>
        </test-method> <!-- test_invalid_schema_values -->
        <test-method status="PASS" signature="test_invalid_schema_values(java.lang.String,java.lang.String)[pri:0, instance:TravianGames.TravianGamesTask.TestInvalidTodoSchemaItems@4923ab24]" name="test_invalid_schema_values" duration-ms="3569" started-at="2021-11-28T19:29:26 CET" data-provider="invalid_schema_values" finished-at="2021-11-28T19:29:30 CET">
          <params>
            <param index="0">
              <value>
                <![CDATA[{"text": 1}]]>
              </value>
            </param>
            <param index="1">
              <value>
                <![CDATA[{"done": "abc"}]]>
              </value>
            </param>
          </params>
          <reporter-output>
          </reporter-output>
        </test-method> <!-- test_invalid_schema_values -->
        <test-method status="PASS" signature="test_invalid_schema_values(java.lang.String,java.lang.String)[pri:0, instance:TravianGames.TravianGamesTask.TestInvalidTodoSchemaItems@4923ab24]" name="test_invalid_schema_values" duration-ms="548" started-at="2021-11-28T19:29:30 CET" data-provider="invalid_schema_values" finished-at="2021-11-28T19:29:30 CET">
          <params>
            <param index="0">
              <value>
                <![CDATA[{"done": "abc"}]]>
              </value>
            </param>
            <param index="1">
              <value>
                <![CDATA[{"done": false}]]>
              </value>
            </param>
          </params>
          <reporter-output>
          </reporter-output>
        </test-method> <!-- test_invalid_schema_values -->
        <test-method status="PASS" signature="test_invalid_schema_values(java.lang.String,java.lang.String)[pri:0, instance:TravianGames.TravianGamesTask.TestInvalidTodoSchemaItems@4923ab24]" name="test_invalid_schema_values" duration-ms="509" started-at="2021-11-28T19:29:30 CET" data-provider="invalid_schema_values" finished-at="2021-11-28T19:29:31 CET">
          <params>
            <param index="0">
              <value>
                <![CDATA[{"done": false}]]>
              </value>
            </param>
            <param index="1">
              <value>
                <![CDATA[{"done": 1}]]>
              </value>
            </param>
          </params>
          <reporter-output>
          </reporter-output>
        </test-method> <!-- test_invalid_schema_values -->
        <test-method status="PASS" signature="test_invalid_schema_values(java.lang.String,java.lang.String)[pri:0, instance:TravianGames.TravianGamesTask.TestInvalidTodoSchemaItems@4923ab24]" name="test_invalid_schema_values" duration-ms="3446" started-at="2021-11-28T19:29:31 CET" data-provider="invalid_schema_values" finished-at="2021-11-28T19:29:34 CET">
          <params>
            <param index="0">
              <value>
                <![CDATA[{"done": 1}]]>
              </value>
            </param>
            <param index="1">
              <value>
                <![CDATA[{}]]>
              </value>
            </param>
          </params>
          <reporter-output>
          </reporter-output>
        </test-method> <!-- test_invalid_schema_values -->
        <test-method status="PASS" signature="test_invalid_schema_values(java.lang.String,java.lang.String)[pri:0, instance:TravianGames.TravianGamesTask.TestInvalidTodoSchemaItems@4923ab24]" name="test_invalid_schema_values" duration-ms="532" started-at="2021-11-28T19:29:34 CET" data-provider="invalid_schema_values" finished-at="2021-11-28T19:29:35 CET">
          <params>
            <param index="0">
              <value>
                <![CDATA[{}]]>
              </value>
            </param>
            <param index="1">
              <value>
                <![CDATA[{"name":"shubha", "position": "QA"}]]>
              </value>
            </param>
          </params>
          <reporter-output>
          </reporter-output>
        </test-method> <!-- test_invalid_schema_values -->
      </class> <!-- TravianGames.TravianGamesTask.TestInvalidTodoSchemaItems -->
      <class name="TravianGames.TravianGamesTask.TestTodoRequests">
        <test-method status="PASS" signature="beforeClass()[pri:0, instance:TravianGames.TravianGamesTask.TestTodoRequests@1500955a]" name="beforeClass" is-config="true" duration-ms="844" started-at="2021-11-28T19:29:06 CET" finished-at="2021-11-28T19:29:06 CET">
          <reporter-output>
          </reporter-output>
        </test-method> <!-- beforeClass -->
        <test-method status="PASS" signature="test_post_a_new_todo(java.lang.String,boolean,java.lang.String)[pri:0, instance:TravianGames.TravianGamesTask.TestTodoRequests@1500955a]" name="test_post_a_new_todo" duration-ms="3507" started-at="2021-11-28T19:29:06 CET" description="This test does post request with multiple set of data" data-provider="todos_to_add" finished-at="2021-11-28T19:29:10 CET">
          <params>
            <param index="0">
              <value>
                <![CDATA[text 1]]>
              </value>
            </param>
            <param index="1">
              <value>
                <![CDATA[false]]>
              </value>
            </param>
            <param index="2">
              <value>
                <![CDATA[todo item with false done status]]>
              </value>
            </param>
          </params>
          <reporter-output>
          </reporter-output>
        </test-method> <!-- test_post_a_new_todo -->
        <test-method status="PASS" signature="test_post_a_new_todo(java.lang.String,boolean,java.lang.String)[pri:0, instance:TravianGames.TravianGamesTask.TestTodoRequests@1500955a]" name="test_post_a_new_todo" duration-ms="208" started-at="2021-11-28T19:29:10 CET" description="This test does post request with multiple set of data" data-provider="todos_to_add" finished-at="2021-11-28T19:29:10 CET">
          <params>
            <param index="0">
              <value>
                <![CDATA[text 2]]>
              </value>
            </param>
            <param index="1">
              <value>
                <![CDATA[true]]>
              </value>
            </param>
            <param index="2">
              <value>
                <![CDATA[todo item with true done status]]>
              </value>
            </param>
          </params>
          <reporter-output>
          </reporter-output>
        </test-method> <!-- test_post_a_new_todo -->
        <test-method status="PASS" signature="test_post_a_new_todo(java.lang.String,boolean,java.lang.String)[pri:0, instance:TravianGames.TravianGamesTask.TestTodoRequests@1500955a]" name="test_post_a_new_todo" duration-ms="201" started-at="2021-11-28T19:29:10 CET" description="This test does post request with multiple set of data" data-provider="todos_to_add" finished-at="2021-11-28T19:29:10 CET">
          <params>
            <param index="0">
              <value>
                <![CDATA[]]>
              </value>
            </param>
            <param index="1">
              <value>
                <![CDATA[false]]>
              </value>
            </param>
            <param index="2">
              <value>
                <![CDATA[todo item with empty text]]>
              </value>
            </param>
          </params>
          <reporter-output>
          </reporter-output>
        </test-method> <!-- test_post_a_new_todo -->
        <test-method status="PASS" signature="test_post_a_new_todo(java.lang.String,boolean,java.lang.String)[pri:0, instance:TravianGames.TravianGamesTask.TestTodoRequests@1500955a]" name="test_post_a_new_todo" duration-ms="205" started-at="2021-11-28T19:29:10 CET" description="This test does post request with multiple set of data" data-provider="todos_to_add" finished-at="2021-11-28T19:29:11 CET">
          <params>
            <param index="0">
              <value>
                <![CDATA[$#3256-abc]]>
              </value>
            </param>
            <param index="1">
              <value>
                <![CDATA[true]]>
              </value>
            </param>
            <param index="2">
              <value>
                <![CDATA[todo item with special chars]]>
              </value>
            </param>
          </params>
          <reporter-output>
          </reporter-output>
        </test-method> <!-- test_post_a_new_todo -->
        <test-method status="PASS" signature="test_post_a_new_todo(java.lang.String,boolean,java.lang.String)[pri:0, instance:TravianGames.TravianGamesTask.TestTodoRequests@1500955a]" name="test_post_a_new_todo" duration-ms="199" started-at="2021-11-28T19:29:11 CET" description="This test does post request with multiple set of data" data-provider="todos_to_add" finished-at="2021-11-28T19:29:11 CET">
          <params>
            <param index="0">
              <value>
                <![CDATA[ABCD ]]>
              </value>
            </param>
            <param index="1">
              <value>
                <![CDATA[true]]>
              </value>
            </param>
            <param index="2">
              <value>
                <![CDATA[todo item with uppercase chars]]>
              </value>
            </param>
          </params>
          <reporter-output>
          </reporter-output>
        </test-method> <!-- test_post_a_new_todo -->
        <test-method status="PASS" signature="test_post_a_new_todo(java.lang.String,boolean,java.lang.String)[pri:0, instance:TravianGames.TravianGamesTask.TestTodoRequests@1500955a]" name="test_post_a_new_todo" duration-ms="191" started-at="2021-11-28T19:29:11 CET" description="This test does post request with multiple set of data" data-provider="todos_to_add" finished-at="2021-11-28T19:29:11 CET">
          <params>
            <param index="0">
              <value>
                <![CDATA[AbCd 123]]>
              </value>
            </param>
            <param index="1">
              <value>
                <![CDATA[true]]>
              </value>
            </param>
            <param index="2">
              <value>
                <![CDATA[todo item with upper and lower case chars]]>
              </value>
            </param>
          </params>
          <reporter-output>
          </reporter-output>
        </test-method> <!-- test_post_a_new_todo -->
        <test-method name="test_delete_non_existing_todo_endpoint" signature="test_delete_non_existing_todo_endpoint(int,boolean,java.lang.String)[pri:0, instance:TravianGames.TravianGamesTask.TestTodoRequests@1500955a]" status="PASS" duration-ms="217" finished-at="2021-11-28T19:29:11 CET" started-at="2021-11-28T19:29:11 CET" depends-on-methods="TravianGames.TravianGamesTask.TestTodoRequests.test_post_a_new_todo" data-provider="different_ids_to_test" description="this test tries to delete valid and non existing id">
          <params>
            <param index="0">
              <value>
                <![CDATA[19]]>
              </value>
            </param>
            <param index="1">
              <value>
                <![CDATA[true]]>
              </value>
            </param>
            <param index="2">
              <value>
                <![CDATA[existing id]]>
              </value>
            </param>
          </params>
          <reporter-output>
          </reporter-output>
        </test-method> <!-- test_delete_non_existing_todo_endpoint -->
        <test-method name="test_delete_non_existing_todo_endpoint" signature="test_delete_non_existing_todo_endpoint(int,boolean,java.lang.String)[pri:0, instance:TravianGames.TravianGamesTask.TestTodoRequests@1500955a]" status="PASS" duration-ms="177" finished-at="2021-11-28T19:29:11 CET" started-at="2021-11-28T19:29:11 CET" depends-on-methods="TravianGames.TravianGamesTask.TestTodoRequests.test_post_a_new_todo" data-provider="different_ids_to_test" description="this test tries to delete valid and non existing id">
          <params>
            <param index="0">
              <value>
                <![CDATA[3000]]>
              </value>
            </param>
            <param index="1">
              <value>
                <![CDATA[false]]>
              </value>
            </param>
            <param index="2">
              <value>
                <![CDATA[non existing id]]>
              </value>
            </param>
          </params>
          <reporter-output>
          </reporter-output>
        </test-method> <!-- test_delete_non_existing_todo_endpoint -->
        <test-method status="PASS" signature="test_get_request()[pri:0, instance:TravianGames.TravianGamesTask.TestTodoRequests@1500955a]" name="test_get_request" duration-ms="204" started-at="2021-11-28T19:29:11 CET" description="The test performs get request" depends-on-methods="TravianGames.TravianGamesTask.TestTodoRequests.test_post_a_new_todo" finished-at="2021-11-28T19:29:12 CET">
          <reporter-output>
          </reporter-output>
        </test-method> <!-- test_get_request -->
        <test-method status="PASS" signature="test_get_request_with_invalid_path_parameter()[pri:0, instance:TravianGames.TravianGamesTask.TestTodoRequests@1500955a]" name="test_get_request_with_invalid_path_parameter" duration-ms="140" started-at="2021-11-28T19:29:12 CET" description="Perform get request using invalid ids in pathParam" depends-on-methods="TravianGames.TravianGamesTask.TestTodoRequests.test_post_a_new_todo" finished-at="2021-11-28T19:29:12 CET">
          <reporter-output>
          </reporter-output>
        </test-method> <!-- test_get_request_with_invalid_path_parameter -->
        <test-method status="PASS" signature="test_get_request_with_non_existent_key_in_query_parameters()[pri:0, instance:TravianGames.TravianGamesTask.TestTodoRequests@1500955a]" name="test_get_request_with_non_existent_key_in_query_parameters" duration-ms="206" started-at="2021-11-28T19:29:12 CET" description="Perform get request using invalid query param" depends-on-methods="TravianGames.TravianGamesTask.TestTodoRequests.test_post_a_new_todo" finished-at="2021-11-28T19:29:12 CET">
          <reporter-output>
          </reporter-output>
        </test-method> <!-- test_get_request_with_non_existent_key_in_query_parameters -->
        <test-method status="PASS" signature="test_get_request_with_path_parameter()[pri:0, instance:TravianGames.TravianGamesTask.TestTodoRequests@1500955a]" name="test_get_request_with_path_parameter" duration-ms="157" started-at="2021-11-28T19:29:12 CET" description="Perform get request using ids in pathParam" depends-on-methods="TravianGames.TravianGamesTask.TestTodoRequests.test_post_a_new_todo" finished-at="2021-11-28T19:29:12 CET">
          <reporter-output>
          </reporter-output>
        </test-method> <!-- test_get_request_with_path_parameter -->
        <test-method name="test_get_request_with_query_parameters" signature="test_get_request_with_query_parameters(int,boolean,java.lang.String)[pri:0, instance:TravianGames.TravianGamesTask.TestTodoRequests@1500955a]" status="PASS" duration-ms="253" finished-at="2021-11-28T19:29:12 CET" started-at="2021-11-28T19:29:12 CET" depends-on-methods="TravianGames.TravianGamesTask.TestTodoRequests.test_post_a_new_todo" data-provider="different_ids_to_test" description="Perform get request using query param">
          <params>
            <param index="0">
              <value>
                <![CDATA[18]]>
              </value>
            </param>
            <param index="1">
              <value>
                <![CDATA[true]]>
              </value>
            </param>
            <param index="2">
              <value>
                <![CDATA[existing id]]>
              </value>
            </param>
          </params>
          <reporter-output>
          </reporter-output>
        </test-method> <!-- test_get_request_with_query_parameters -->
        <test-method name="test_get_request_with_query_parameters" signature="test_get_request_with_query_parameters(int,boolean,java.lang.String)[pri:0, instance:TravianGames.TravianGamesTask.TestTodoRequests@1500955a]" status="PASS" duration-ms="174" finished-at="2021-11-28T19:29:12 CET" started-at="2021-11-28T19:29:12 CET" depends-on-methods="TravianGames.TravianGamesTask.TestTodoRequests.test_post_a_new_todo" data-provider="different_ids_to_test" description="Perform get request using query param">
          <params>
            <param index="0">
              <value>
                <![CDATA[3000]]>
              </value>
            </param>
            <param index="1">
              <value>
                <![CDATA[false]]>
              </value>
            </param>
            <param index="2">
              <value>
                <![CDATA[non existing id]]>
              </value>
            </param>
          </params>
          <reporter-output>
          </reporter-output>
        </test-method> <!-- test_get_request_with_query_parameters -->
        <test-method status="PASS" signature="test_put_request_for_invalid_id()[pri:0, instance:TravianGames.TravianGamesTask.TestTodoRequests@1500955a]" name="test_put_request_for_invalid_id" duration-ms="213" started-at="2021-11-28T19:29:12 CET" description="this test tries updates the data for invalid id" depends-on-methods="TravianGames.TravianGamesTask.TestTodoRequests.test_post_a_new_todo" finished-at="2021-11-28T19:29:13 CET">
          <reporter-output>
          </reporter-output>
        </test-method> <!-- test_put_request_for_invalid_id -->
        <test-method name="test_put_request_to_update" signature="test_put_request_to_update(int,java.lang.String,boolean,java.lang.String)[pri:0, instance:TravianGames.TravianGamesTask.TestTodoRequests@1500955a]" status="PASS" duration-ms="239" finished-at="2021-11-28T19:29:13 CET" started-at="2021-11-28T19:29:13 CET" depends-on-methods="TravianGames.TravianGamesTask.TestTodoRequests.test_post_a_new_todo" data-provider="update_todo" description="this test updates the data through put request">
          <params>
            <param index="0">
              <value>
                <![CDATA[16]]>
              </value>
            </param>
            <param index="1">
              <value>
                <![CDATA[text update]]>
              </value>
            </param>
            <param index="2">
              <value>
                <![CDATA[true]]>
              </value>
            </param>
            <param index="3">
              <value>
                <![CDATA[update text content]]>
              </value>
            </param>
          </params>
          <reporter-output>
          </reporter-output>
        </test-method> <!-- test_put_request_to_update -->
        <test-method name="test_put_request_to_update" signature="test_put_request_to_update(int,java.lang.String,boolean,java.lang.String)[pri:0, instance:TravianGames.TravianGamesTask.TestTodoRequests@1500955a]" status="PASS" duration-ms="251" finished-at="2021-11-28T19:29:13 CET" started-at="2021-11-28T19:29:13 CET" depends-on-methods="TravianGames.TravianGamesTask.TestTodoRequests.test_post_a_new_todo" data-provider="update_todo" description="this test updates the data through put request">
          <params>
            <param index="0">
              <value>
                <![CDATA[16]]>
              </value>
            </param>
            <param index="1">
              <value>
                <![CDATA[text update]]>
              </value>
            </param>
            <param index="2">
              <value>
                <![CDATA[false]]>
              </value>
            </param>
            <param index="3">
              <value>
                <![CDATA[update done content]]>
              </value>
            </param>
          </params>
          <reporter-output>
          </reporter-output>
        </test-method> <!-- test_put_request_to_update -->
        <test-method name="test_put_request_to_update" signature="test_put_request_to_update(int,java.lang.String,boolean,java.lang.String)[pri:0, instance:TravianGames.TravianGamesTask.TestTodoRequests@1500955a]" status="PASS" duration-ms="236" finished-at="2021-11-28T19:29:13 CET" started-at="2021-11-28T19:29:13 CET" depends-on-methods="TravianGames.TravianGamesTask.TestTodoRequests.test_post_a_new_todo" data-provider="update_todo" description="this test updates the data through put request">
          <params>
            <param index="0">
              <value>
                <![CDATA[16]]>
              </value>
            </param>
            <param index="1">
              <value>
                <![CDATA[update text]]>
              </value>
            </param>
            <param index="2">
              <value>
                <![CDATA[true]]>
              </value>
            </param>
            <param index="3">
              <value>
                <![CDATA[update text and done content]]>
              </value>
            </param>
          </params>
          <reporter-output>
          </reporter-output>
        </test-method> <!-- test_put_request_to_update -->
        <test-method status="PASS" signature="afterClass()[pri:0, instance:TravianGames.TravianGamesTask.TestTodoRequests@1500955a]" name="afterClass" is-config="true" duration-ms="888" started-at="2021-11-28T19:29:13 CET" finished-at="2021-11-28T19:29:14 CET">
          <reporter-output>
          </reporter-output>
        </test-method> <!-- afterClass -->
      </class> <!-- TravianGames.TravianGamesTask.TestTodoRequests -->
    </test> <!-- Test -->
  </suite> <!-- Suite -->
</testng-results>
